00000000 a __end__
00000000 A __sync_synchronize
01ff8000 t __itcm_start
01ff8038 00000018 T __excpt_vectors
01ff8050 00000088 t threadReschedule
01ff80d8 000000d8 T threadBlock
01ff81b0 000000c0 T threadUnblockOneByValue
01ff8270 00000130 T threadUnblockAllByValue
01ff83a0 00000134 T threadUnblockAllByMask
01ff84d4 0000004c T armCopyMem32
01ff8520 0000002c T armContextSave
01ff854c 00000020 T armContextLoad
01ff8550 T armContextLoadFromSvc
01ff856c 00000008 T armWaitForIrq
01ff8574 00000004 t __arm_excpt_rst
01ff8578 00000004 t __arm_excpt_pabt
01ff857c 0000000c t __arm_excpt_und
01ff8588 0000000c t __arm_excpt_dabt
01ff8594 00000030 t __excpt_entry
01ff85c4 0000000c T armDrainWriteBuffer
01ff85d0 00000028 T armDCacheFlushAll
01ff85f8 0000001c T armDCacheFlush
01ff8614 0000001c T armDCacheInvalidate
01ff8630 0000000c T armICacheInvalidateAll
01ff863c 000000e4 t __arm_excpt_irq
01ff8720 t __itcm_end
02001000 t __crt0_start
02001000 00000060 t __ds9_bootstub_trampoline
02001060 00000074 T crt0ProcessLoadList
020010d4 00000180 T crt0Startup
02001254 0000004c T crt0CopyMem32
020012a0 00000058 T crt0FillMem32
020012f8 000000b4 T crt0SetupMPU
020013c0 t __crt0_end
020013c0 t __main_start
020013c0 T _init
020013cc 00000022 T exit
020013f0 00000580 T main
02001970 t __do_global_dtors_aux
0200199c t frame_dummy
020019c0 0000001c t bgInitSub.constprop.0.isra.0
020019dc 00000044 W drawRectangle(int, int, int, int, unsigned short)
02001a20 00000098 W drawRectangleHollow(int, int, int, int, unsigned short)
02001ab8 00000260 W updatePal(int, int*)
02001d18 00000098 W drawSurfaceMain(int, int, int)
02001db0 000001d4 W drawSurfaceBottom(int, int)
02001f84 000000ac W clearTopBitmap()
02002030 000000a0 W getActionsFromTouch(int)
020020d0 0000009c W applyActions(int)
0200216c 0000030c W applyTool(int, int, bool)
02002478 00000020 T fatInitDefault
02002498 00000004 t _dvmDiscCalicoDummy
0200249c 00000008 t _dvmDiscCalicoWriteSectors
020024a4 00000008 t _dvmDiscCalicoReadSectors
020024ac 00000030 T _dvmIsAlignedAccess
020024dc 00000014 T _dvmCacheCopy
020024f0 00000268 T dvmInit
02002758 00000010 T dvmDiscAddUser
02002768 00000028 T dvmDiscRemoveUser
02002790 000003ec t _dvmDiscCacheReadWrite
02002b7c 00000058 t _dvmDiscCacheWriteSectors
02002bd4 00000058 t _dvmDiscCacheReadSectors
02002c2c 000000ac t _dvmDiscCacheFlush
02002cd8 00000028 t _dvmDiscCacheDestroy
02002d00 000001a0 T dvmDiscCacheCreate
02002ea0 00000188 T dvmMountVolume
02003028 00000074 T _dvmSetAppWorkingDir
0200309c 000001d8 t _dvmIdentMbrVbr
02003274 00000204 t _dvmReadPartitionTable
02003478 000000f0 T dvmProbeMountDisc
02003568 000000ac t _FAT_fstat_r
02003614 0000001c t _FAT_umount
02003630 00000044 t _FAT_mount
02003674 0000013c t _FAT_seek_r
020037b0 0000010c t _FAT_set_stat.isra.0
020038bc 00000064 t _FAT_mkdir_r
02003920 00000064 t _FAT_chdir_r
02003984 00000070 t _FAT_unlink_r
020039f4 0000006c t _FAT_rmdir_r
02003a60 0000007c t _FAT_diropen_r
02003adc 00000064 t _FAT_fsync_r
02003b40 00000064 t _FAT_close_r
02003ba4 00000064 t _FAT_dirclose_r
02003c08 0000006c t _FAT_dirreset_r
02003c74 00000080 t _FAT_rename_r
02003cf4 00000098 t _FAT_stat_r
02003d8c 0000007c t _FAT_read_r
02003e08 0000007c t _FAT_write_r
02003e84 000000f0 t _FAT_statvfs_r
02003f74 00000190 t _FAT_ftruncate_r
02004104 00000124 t _FAT_dirnext_r
02004228 00000124 t _FAT_open_r
0200434c 00000064 T get_fattime
020043b0 00000018 T ff_mutex_create
020043c8 00000004 T ff_mutex_delete
020043cc 00000014 T ff_mutex_take
020043e0 00000008 T ff_mutex_give
020043e8 00000024 T disk_initialize
0200440c 00000024 T disk_status
02004430 0000002c T disk_read
0200445c 0000002c T disk_write
02004488 00000038 T disk_ioctl
020044c0 000000fc t tchar2uni
020045bc 00000090 t sync_window
0200464c 00000130 t put_utf
0200477c 0000009c t dir_clear
02004818 0000028c t get_fileinfo
02004998 a __crt0_lma
02004aa4 00000180 t sync_fs
02004c24 000000c4 t move_window
02004ce8 000001dc t put_fat.part.0
02004d58 a __dldi_lma
02004ec4 00000160 t get_fat.isra.0
02005024 000000f4 t remove_chain
02005118 0000021c t create_chain
02005334 00000170 t dir_next
020054a4 00000248 t dir_read
020056ec 00000128 t dir_sdi
02005814 000000cc t dir_alloc
020058e0 000000c4 t dir_remove
020059a4 000002f8 t dir_find
02005c9c 00000588 t follow_path
02006224 000003f0 t dir_register
02006614 000001ec t check_fs
02006800 00000504 t mount_volume.part.0
02006d04 000000bc t validate
02006dc0 0000006c T f_mount
02006e2c 00000038 T f_umount
02006e64 00000400 T f_open
02007264 000002a4 T f_read
02007508 00000350 T f_write
02007858 000001a0 T f_sync
020079f8 00000058 T f_close
02007a50 000000f0 T f_chdir
02007b40 00000298 T f_lseek
02007dd8 0000012c T f_opendir
02007f04 000000b0 T f_closedir
02007fb4 000000d0 T f_readdir
02008084 00000104 T f_stat
02008188 00000184 T f_getfree
0200830c 00000228 T f_truncate
02008534 000001a4 T f_unlink
020086d8 00000294 T f_mkdir
0200896c 00000248 T f_rename
02008bb4 00000078 T ff_uni2oem
02008c2c 00000040 T ff_oem2uni
02008c6c 00000128 T ff_wtoupper
02008d58 a __itcm_lma
02008d58 a __loadlist_lma
02008d94 0000006c T checkIfText
02008e00 000000e8 T bgUpdate
02008ee8 000000a8 T bgInit_call
02008f90 000000b0 T bgInitSub_call
02009040 000000e0 t newRow
02009120 000000e0 T consolePrintChar
02009200 00000344 T con_write
02009544 000002e8 T consoleLoadFont
0200982c 00000170 T consoleInit
0200999c 00000040 T consoleDemoInit
020099dc 00000004 t getHeader
020099e0 00000004 t readByte
020099e4 00000040 T decompress
02009a24 0000006c T scanKeys
02009a90 0000000c T keysHeld
02009a9c 00000010 T keysDown
02009aac 0000004c T sinLutLookup
02009af8 00000038 T sinLerp
02009b30 00000044 T cosLerp
02009b74 0000009c T threadExit
02009c10 00000010 t _threadTickTask
02009c20 00000098 T _threadInit
02009cb8 000000a4 T threadPrepare
02009d5c 000000c8 T threadStart
02009e24 000000a0 T threadIrqWait
02009ec4 00000058 T threadSleepTicks
02009f1c 00000014 T __syscall_getreent
02009f30 00000024 T __errno
02009f54 00000030 T __syscall_gettod_r
02009f84 00000004 T __syscall_lock_acquire
02009f88 00000004 T __syscall_lock_release
02009f8c 0000004c T __syscall_lock_acquire_recursive
02009fd8 00000018 T __syscall_lock_release_recursive
02009ff0 00000004 T svcLZ77UncompWram
02009ff4 00000004 T svcHuffUncompCallback
02009ff8 00000004 T svcRLUncompWram
02009ffc 00000004 T svcRLUncompVramCallback
0200a000 00000018 T svcLZ77UncompVramCallback
0200a018 00000004 t _pxiMailboxHandler
0200a01c 00000004 W _pxiRecvUnhandled
0200a020 00000154 t _pxiRecvIrqHandler
0200a174 00000058 T _pxiInit
0200a1cc 00000074 T pxiSetHandler
0200a240 00000068 T pxiSetMailbox
0200a2a8 00000038 T pxiWaitRemote
0200a2e0 00000050 T pxiSendPacket
0200a330 00000098 T pxiSendExtPacket
0200a3c8 0000002c T pxiBeginReceive
0200a3f4 000000ac T pxiEndReceive
0200a4a0 00000028 T keypadGetState
0200a4c8 00000040 t _pmCallEventHandlers
0200a508 000000a0 t _pmPxiThreadMain
0200a5a8 00000028 t _pmResetPxiHandler
0200a5d0 00000004 W systemUserExit
0200a5d4 00000004 W systemErrorExit
0200a5d8 00000138 T __syscall_exit
0200a710 00000058 T pmInit
0200a768 000000cc T pmEnterSleep
0200a834 00000074 T pmMainLoop
0200a8a8 00000004 W systemUserStartup
0200a8ac 00000104 W systemStartup
0200a9b0 00000058 T touchRead
0200aa08 00000044 t _blkDevReadWriteSectors
0200aa4c 00000008 T blkInit
0200aa54 00000030 T blkDevIsPresent
0200aa84 00000030 T blkDevInit
0200aab4 00000034 T blkDevGetSectorCount
0200aae8 0000005c T blkDevReadSectors
0200ab44 0000005c T blkDevWriteSectors
0200aba0 00000064 T irqSet
0200ac04 0000001c t _tickCountIsr
0200ac20 00000084 t _tickTaskSchedule.part.0.isra.0
0200aca4 000000a0 T tickInit
0200ad44 0000005c T tickGetCount
0200ada0 00000110 t _tickTaskIsr
0200aeb0 00000144 T tickTaskStart
0200aff4 000001cc t threadUpdateDynamicPrio
0200b1c0 000001c8 t threadRemoveWaiter
0200b388 00000150 T mutexLock
0200b4d8 000000d0 T mutexUnlock
0200b5a8 00000098 T mailboxTrySend
0200b640 00000098 T mailboxRecv
0200b6d8 t .udivsi3_skip_div0_test
0200b6d8 T __aeabi_uidiv
0200b6d8 000000fc T __udivsi3
0200b7d4 00000020 T __aeabi_uidivmod
0200b7f4 T __aeabi_idiv
0200b7f4 00000130 T __divsi3
0200b7fc t .divsi3_skip_div0_test
0200b924 00000020 T __aeabi_idivmod
0200b944 00000002 W __aeabi_idiv0
0200b944 00000002 W __aeabi_ldiv0
0200b948 T __aeabi_uldivmod
0200b984 00000192 T __udivmoddi4
0200bb18 00000028 T __clzdi2
0200bb40 00000048 T __clzsi2
0200bb88 000000bc T strchr
0200bc44 00000046 T memcmp
0200bc8c 00000052 T __libc_init_array
0200bce0 00000018 T calloc
0200bcf8 00000050 T siscanf
0200bd48 0000002e T strrchr
0200bd78 00000018 T aligned_alloc
0200bd90 000000cc T _calloc_r
0200be5c 000001e8 t validate_structure
0200c044 00000434 T mktime
0200c478 00000014 T __tz_lock
0200c48c 00000014 T __tz_unlock
0200c4a0 00000550 T _malloc_r
0200c9f0 000000ac T _malloc_trim_r
0200ca9c 000001d8 T _free_r
0200cc74 00000020 T strnlen
0200cc94 00000026 T malloc
0200ccbc 00000014 T free
0200ccd0 00000036 T time
0200cd08 0000008c T memset
0200cd94 00000228 T localtime_r
0200cfbc 00000014 T __malloc_lock
0200cfd0 00000014 T __malloc_unlock
0200cfe4 000001ac T __tzcalc_limits
0200d190 00000224 T strcmp
0200d3b4 0000000c W __call_exitprocs
0200d3c0 000001ac T setvbuf
0200d56c 000000b0 T memcpy
0200d61c 00000026 T iprintf
0200d644 00000034 T __sread
0200d678 00000004 T __seofread
0200d67c 0000004c T __swrite
0200d6c8 0000003c T __sseek
0200d704 00000010 T __sclose
0200d714 000001b4 T gmtime_r
0200d8c8 00000404 t get_arg
0200dccc 000016ce T _vfiprintf_r
0200f39c 0000007c t __sbprintf
0200f418 00000060 T strlen
0200f478 00000118 T _memalign_r
0200f590 00000018 T div
0200f5a8 0000003e t get_arg
0200f5e6 0000007e T _sungetc_r
0200f664 00000042 T __ssrefill_r
0200f6a6 00000088 T _sfread_r
0200f730 00001982 T __ssvfiscanf_r
020110b4 00000020 t stdio_exit_handler
020110d4 00000040 t cleanup_stdio
02011114 00000120 t global_stdio_init.part.0
02011234 0000003c T __sinit
02011270 00000014 T __sfp_lock_acquire
02011284 00000014 T __sfp_lock_release
02011298 00000150 t _strtoul_l.isra.0
020113e8 00000020 T _strtoul_r
02011408 00000024 T strtoul
0201142c 0000004c T _fwalk_sglue
02011478 00000010 T _tzset_unlocked
02011488 00000024 T __sprint_r
020114ac 0000000e T iswspace
020114bc 00000008 T __gettzinfo
020114c4 0000001c T _localeconv_r
020114e0 00000018 T realloc
020114f8 00000074 T memchr
0201156c 00000084 T _wcrtomb_r
020115f0 0000025c t _strtol_l.part.0
0201184c 00000034 T _strtol_r
02011880 0000002e T __libc_fini_array
020118b0 00000490 T _tzset_unlocked_r
02011d40 000000b0 T __sccl
02011df0 00000180 T __sflush_r
02011f70 0000006e T _fflush_r
02011fe0 000000e0 T __smakebuf_r
020120c0 0000005c T __swhatbuf_r
0201211c 00000094 T _findenv_r
020121b0 00000010 T _getenv_r
020121c0 00000344 T _realloc_r
02012504 00000068 T strncpy
0201256c 000001c0 t _strtoull_l.isra.0
0201272c 00000020 T _strtoull_r
0201274c 0000001e T _wcsrtombs_r
0201276c 00000098 T _mbrtowc_r
02012804 000000d2 T __swsetup_r
020128d8 00000070 T strncmp
02012948 0000031a T __sfvwrite_r
02012c64 000000cc T memmove
02012d30 00000014 T __env_lock
02012d44 00000014 T __env_unlock
02012d58 00000028 T iswspace_l
02012d80 000000da T _fclose_r
02012e5c 00000300 t _strtoll_l.isra.0
0201315c 00000020 T _strtoll_r
0201317c 00000020 T __locale_mb_cur_max
0201319c 0000007c T __submore
02013218 0000011c T _wcsnrtombs_l
02013334 00000040 T _wcsnrtombs_r
02013374 0000024a T __utf8_mbtowc
020135c0 00000010 T strcpy
020135d0 0000005c T category
0201362c 000000bc T __utf8_wctomb
020136e8 00000014 T _exit
020136fc 000000e2 T chdir
020137e0 00000132 T _concatenate_path
02013914 0000005a T _fstat_r
02013970 00000020 T __getreent
02013990 00000020 T _gettimeofday_r
020139b0 00000034 T __get_handle
020139e4 000000ae T _close_r
02013a94 00000004 t null_write
02013a98 00000010 T setDefaultDevice
02013aa8 00000090 T FindDevice
02013b38 0000007c T AddDevice
02013bb4 00000020 T GetDeviceOpTab
02013bd4 00000004 T _isatty_r
02013bd8 00000062 T _lseek_r
02013c3c 0000005a T _read_r
02013c98 00000050 W _sbrk_r
02013ce8 00000018 T __libc_lock_acquire
02013d00 00000018 T __libc_lock_release
02013d18 00000018 T __libc_lock_acquire_recursive
02013d30 00000018 T __libc_lock_release_recursive
02013d48 0000005a T _write_r
02013da4 00000012 T __gnu_thumb1_case_uqi
02013db8 00000014 T __gnu_thumb1_case_uhi
02013dcc T __aeabi_ldivmod
02013ea0 00000056 T __aeabi_lmul
02013ea0 00000056 T __muldi3
02013ef8 T _fini
02013f08 00000008 t __memcpy_from_arm
02013f10 00000008 t __free_from_arm
02013f18 00000008 t ____aeabi_ldiv0_from_arm
02013f20 00000008 t ____aeabi_idiv0_from_arm
02013f28 00000008 t ____libc_lock_release_from_arm
02013f30 T drunkenlogoBitmap
02016ccc 00000010 t s_dvmDiscCalicoIface
02016cdc 00000010 t s_dvmDiscCacheIface
02016cec 00000014 t fr_to_errno.0
02016d00 00000014 T g_vfatFsDriver
02016d14 00000080 t _FAT_devoptab
02016d94 00000080 t ExCvt
02016e14 0000000d t LfnOfs
02016e2c 000000bc t cvt2.0
02016ee8 000001f2 t cvt1.1
020170e0 00000100 t uc437
020172b4 00000080 t dotab_stdout
02017348 00000102 T SIN_LUT
0201744c T default_font_bin
02017c4c 00000030 t _DAYS_BEFORE_MONTH
02017c4c T default_font_bin_end
02017c7c 00000030 t DAYS_IN_MONTH
02017cd8 00000010 t zeroes.0
02017ce8 00000010 t blanks.1
02017cf8 00000022 t basefix.0
02017d1c 00000060 T __month_lengths
02017d7c 00000101 T _ctype_
02017e80 0000006c T __action_table
02017eec 0000006c T __state_table
02017f58 00000100 T __chclass
02018058 000035dc t categories
0201b634 00000080 T dotab_stdnull
0201b6b8 00000001 D currentSubMode
0201b6b9 00000001 D surfaceYres
0201b6ba 00000001 D surfaceXres
0201b6bb 00000001 D subSurfaceZoom
0201b6bc 00000004 D palleteSize
0201b6c0 00000004 D pixels
0201b6c4 00000004 D pixelsTop
0201b6c8 00000010 d s_dvmDiscNand
0201b6d8 00000010 d s_dvmDiscSd
0201b6e8 00000010 d s_dvmDiscDldi
0201b6f8 00000004 V g_dvmDefaultSectorsPerPage
0201b6fc 00000004 V g_dvmDefaultCachePages
0201b700 00000020 d s_dvmFsDrvTable
0201b720 00000020 D bgTransform
0201b740 00000020 D bgScrollTable
0201b760 00000020 D bgControl
0201b780 00000001 d firstConsoleInit.0
0201b784 00000004 D currentConsole
0201b788 0000005c D defaultConsole
0201b7e4 0000000c D decomStream
0201b7f0 00000001 d count
0201b7f1 00000001 d repeat
0201b7f2 00000001 d delay
0201b7f4 00000004 D __malloc_sbrk_base
0201b7f8 00000004 D __malloc_trim_threshold
0201b800 00000408 D __malloc_av_
0201bc08 00000008 D _tzname
0201bc10 0000000c D __sglue
0201bc20 00000058 d tzinfo
0201bc78 00000004 D _impure_ptr
0201bc80 00000140 D _impure_data
0201bdc0 0000016c D __global_locale
0201bf2c 00000004 D environ
0201bf30 00000400 d _current_working_directory
0201c330 00001000 d handles
0201d330 0000000c d __stderr_handle
0201d33c 0000000c d __stdout_handle
0201d348 0000000c d __stdin_handle
0201d354 0000008c D devoptab_list
0201d3e0 00000004 d defaultDevice
0201d3e4 r __EH_FRAME_BEGIN__
0201d3e4 r __FRAME_END__
0201d3e8 r __tls_info
0201d3f4 d __frame_dummy_init_array_entry
0201d3f4 d __init_array_start
0201d3f4 d __preinit_array_end
0201d3f4 d __preinit_array_start
0201d3f8 d __do_global_dtors_aux_fini_array_entry
0201d3f8 d __fini_array_start
0201d3f8 d __init_array_end
0201d3fc d __fini_array_end
0201d3fc d __main_end
0201d400 ? __tls_end
0201d400 ? __tls_start
0201d400 b completed.1
0201d404 b object.0
0201d41c 00000001 B currentTool
0201d41d 00000001 B stylusPressed
0201d420 00000100 V drawSurfaceBottom(int, int)::temp
0201d520 00000001 B subSurfaceYoffset
0201d521 00000001 B subSurfaceXoffset
0201d524 00000004 B mainSurfaceYoffset
0201d528 00000004 B mainSurfaceXoffset
0201d52c 00000004 B prevtpy
0201d530 00000004 B prevtpx
0201d534 00000003 B palEdit
0201d538 00000200 B pallete
0201d738 00000004 B palletePos
0201d73c 00000200 V drawRectangleDMA(int, int, int, int, unsigned short)::fillLine
0201d93c 00001200 B toolsImg
0201eb3c 00008000 B stack
020254b4 a __loadlist_start
020254e4 a __loadlist_end
02026b3c 00008000 B surface
0202eb3c 00000004 V g_dvmCalicoNandMount
0202eb40 00000002 b Fsid
0202eb44 00000008 B bgIsTextLut
0202eb4c 00000140 B bgState
0202ec8c 0000005c B currentCopy
0202ece8 00000002 b keysrepeat
0202ecec 00000004 b s_keypad
0202ecf0 00000008 b s_sleepThreads
0202ecf8 00000008 b s_joinThreads
0202ed00 00000070 b s_idleThread
0202ed70 00000070 b s_mainThread
0202ede0 00000004 b s_defaultErrno.0
0202ede4 00000004 V __stacksize__
0202ede8 00000001 B g_isTwlMode
0202edec 000001f0 b s_pxiChannels
0202efdc 00000004 b s_pxiRecvState
0202efe0 00000008 b s_pxiRecvQueue
0202efe8 00000004 b s_pxiSendMutex
0202eff0 00000200 b s_pmPxiThreadStack
0202f1f0 00000070 b s_pmPxiThread
0202f260 00000008 b s_pmState
0202f268 00000004 b s_firstTask
0202f270 00000008 b s_highTickCount
0202f278 00000001 b s_tickInit
0202f27c 00000008 b s_mailboxRecvQueue
0202f284 00000004 b __tz_mutex
0202f288 00000028 B __malloc_current_mallinfo
0202f2b0 00000004 B __malloc_max_total_mem
0202f2b4 00000004 B __malloc_max_sbrked_mem
0202f2b8 00000004 B __malloc_top_pad
0202f2bc 0000000c b __malloc_recursive_mutex
0202f2c8 00000004 B _timezone
0202f2cc 00000004 B _daylight
0202f2d0 0000000c b __sfp_recursive_mutex
0202f2e0 00000168 B __sf
0202f448 00000004 B __stdio_exit_handler
0202f44c 00000004 b prev_tzenv
0202f450 0000000c b __tzname_dst
0202f45c 0000000c b __tzname_std
0202f468 0000000c b __env_recursive_mutex
0202f474 00000004 b initial_env
0202f478 00000400 b temp_cwd
0202f878 00000004 b __hndl_lock
0202f87c 00000004 B fake_heap_start
0202f880 00000004 B fake_heap_end
0202f884 00000004 b heap_start.0
0202f888 b __heap_start_ntr
0202f888 b __main_bss_end
0202f8a0 r __heap_start_twl
0202f8a0 ? __twl_bss_end
0202f8a0 ? __twl_end
0202f8a0 ? __twl_start
02400000 a __twl_lma
02400000 a __twl_loadlist_lma
02400000 a __twl_loadlist_start
0240000c a __twl_loadlist_end
02ff0000 ? __dtcm_end
02ff0000 ? __dtcm_start
02ff0000 00000080 B __irq_table
02ff0080 00000018 B __sched_state
02ff0098 b __dtcm_bss_end
02ff3e80 d __sp_usr
02ff3f80 a __sp_irq
02ff3fc0 a __sp_svc
02ff3ff8 a __irq_flags
0380b000 T __dldi_start
0e000800 00000198 T __ds9_bootstub
ffff0008 a __arm_excpt_svc
