00000000 a __end__
00000000 A __sync_synchronize
01ff8000 t __itcm_start
01ff8038 00000018 T __excpt_vectors
01ff8050 00000088 t threadReschedule
01ff80d8 000000d8 T threadBlock
01ff81b0 000000c0 T threadUnblockOneByValue
01ff8270 00000130 T threadUnblockAllByValue
01ff83a0 00000134 T threadUnblockAllByMask
01ff84d4 0000004c T armCopyMem32
01ff8520 0000002c T armContextSave
01ff854c 00000020 T armContextLoad
01ff8550 T armContextLoadFromSvc
01ff856c 00000008 T armWaitForIrq
01ff8574 0000000c T armDrainWriteBuffer
01ff8580 00000028 T armDCacheFlushAll
01ff85a8 0000001c T armDCacheFlush
01ff85c4 0000001c T armDCacheInvalidate
01ff85e0 0000000c T armICacheInvalidateAll
01ff85ec 00000004 t __arm_excpt_rst
01ff85f0 00000004 t __arm_excpt_pabt
01ff85f4 0000000c t __arm_excpt_und
01ff8600 0000000c t __arm_excpt_dabt
01ff860c 00000030 t __excpt_entry
01ff863c 000000e4 t __arm_excpt_irq
01ff8720 t __itcm_end
02001000 t __crt0_start
02001000 00000060 t __ds9_bootstub_trampoline
02001060 00000074 T crt0ProcessLoadList
020010d4 00000180 T crt0Startup
02001254 0000004c T crt0CopyMem32
020012a0 00000058 T crt0FillMem32
020012f8 000000b4 T crt0SetupMPU
020013c0 t __crt0_end
020013c0 t __main_start
020013c0 T _init
020013cc 00000022 T exit
020013f0 00000f78 T main
02002368 t __do_global_dtors_aux
02002394 t frame_dummy
020023b8 00000024 T AVARGB(int, int, int, int)
020023dc 00000010 T AVinvertColor(unsigned short)
020023ec 00000044 T AVfillDMA(unsigned short*, int, int, unsigned short)
02002430 0000009c T AVdrawRectangle(unsigned short*, int, int, int, int, unsigned short)
020024cc 00000084 T AVdrawRectangleDMA(unsigned short*, int, int, int, int, unsigned short, int)
02002550 0000009c T AVdrawRectangleHollow(unsigned short*, int, int, int, int, unsigned short)
020025ec 00000022 T AVdrawVline(unsigned short*, int, int, int, unsigned short)
02002610 00000022 T AVdrawHline(unsigned short*, int, int, int, unsigned short)
02002634 00000108 T importNES(char const*, unsigned short*)
0200273c 000000f8 T exportNES(char const*, unsigned short*, int)
02002834 000000d8 T importGBC(char const*, unsigned short*)
0200290c 000000cc T exportGBC(char const*, unsigned short*, int)
020029d8 0000015c T importSNES(char const*, unsigned short*)
02002b34 0000015c T exportSNES(char const*, unsigned short*, int)
02002c90 000000cc T importGBA(char const*, unsigned short*)
02002d5c 000000a8 T exportGBA(char const*, unsigned short*, int)
02002e04 000000bc T importPal(char const*)
02002ec0 00000094 T exportPal(char const*)
02002f54 000001d4 T importPCX(char const*, unsigned short*)
02003128 00000194 T exportPCX(char const*, unsigned short*, int, int)
020032bc 00000094 T writeBmpHeader(__sFILE*)
02003350 0000008c T saveBMP(char const*, unsigned short*, unsigned short*)
020033dc 000001fc T loadBMP_direct(char const*, unsigned short*)
020035d8 00000154 T saveBMP_indexed(char const*, unsigned short*, unsigned short*)
0200372c 00000218 T loadBMP_indexed(char const*, unsigned short*, unsigned short*)
02003944 000001a8 T saveBMP_4bpp(char const*, unsigned short*, unsigned short*)
02003aec 00000238 T loadBMP_4bpp(char const*, unsigned short*, unsigned short*)
02003d24 00000130 T importTGA(char const*, unsigned short*)
02003e54 0000012c T exportTGA(char const*, unsigned short*, int, int)
02003f80 000009bc T importACS(char const*, unsigned short*)
0200493c 0000047c T exportACS(char const*, unsigned short*)
02004998 a __crt0_lma
02004d58 a __dldi_lma
02004db8 0000006c T topBackground8()
02004e24 000000c4 T updateStars(int)
02004ee8 000003a8 T intro()
02005290 00000208 t listFiles() [clone .part.0]
02005498 0000006c t textMode() [clone .part.0]
02005504 00000084 T enterFolder(int)
02005588 00000058 T goBack()
020055e0 00000024 T listFiles()
02005604 00000148 T submitVRAM(bool, bool, bool)
0200574c 0000017c T drawSurfaceMain(bool)
020058c8 00000200 T drawSurfaceBottom()
02005ac8 00000074 T drawColorPalette()
02005b3c 00000074 T drawNesPalette()
02005bb0 00000170 T updatePal(int, int*)
02005d20 000000b8 T clearTopBitmap()
02005dd8 000001f8 T initBitmap()
02005fd0 000000b4 T setEditorSprites()
02006084 000000a8 T setOamBG()
0200612c 00000098 W bitmapMode()
020061c4 00000040 T getActionsFromTouch(int)
02006204 0000015c T applyActions(int)
02006360 00000078 T handleKey(char)
020063d8 00000154 T floodFill(unsigned short*, int, int, unsigned short, unsigned short, int, int)
0200652c 00000298 T applyTool(int, int, bool)
020067c4 00000098 T copyFromSurfaceToStack()
0200685c 00000044 T cutFromSurfaceToStack()
020068a0 00000098 T pasteFromStackToSurface()
02006938 000000a4 T flipH()
020069dc 00000098 T flipV()
02006a74 00000114 T scaleUp()
02006b88 000000d4 T scaleDown()
02006c5c 00000080 T rotatePositive()
02006cdc 0000008c T rotateNegative()
02006d68 0000004c T setBackupVariables()
02006db4 0000006c T backupWrite()
02006e20 00000058 T backupRead()
02006e78 00000024 T initFPS()
02006e9c T drawSurfaceBottom16x
02006ea4 t outer_rows_loop
02006eb0 t inner_x_loop
02006f08 t vertical_copy_loop
02006f14 t copy_loop
02006f44 T drawSurfaceBottom2x
02006f4c t outer_rows_loop
02006f58 t inner_x_loop
02006f74 t vertical_copy_loop
02006f80 t copy_loop
02006fa4 T drawSurfaceBottom32x
02006fac t outer_rows_loop
02006fb8 t inner_x_loop
02007050 t vertical_copy_loop
0200705c t copy_loop
0200708c T drawSurfaceBottom4x
02007094 t outer_rows_loop
020070a0 t inner_x_loop
020070c8 t vertical_copy_loop
020070d4 t copy_loop
02007104 T drawSurfaceBottom8x
0200710c t outer_rows_loop
02007118 t inner_x_loop
02007150 t vertical_copy_loop
0200715c t copy_loop
0200718c T memcpy_fast_arm9
02007198 t .mf_loop_32
020071b0 t .mf_words
020071b8 t .mf_loop_4
020071d0 t .mf_bytes
020071d8 t .mf_byte_loop
020071e8 t .mf_done
020071ec 00000020 T fatInitDefault
0200720c 00000004 t _dvmDiscCalicoDummy
02007210 00000008 t _dvmDiscCalicoWriteSectors
02007218 00000008 t _dvmDiscCalicoReadSectors
02007220 00000030 T _dvmIsAlignedAccess
02007250 00000014 T _dvmCacheCopy
02007264 00000268 T dvmInit
020074cc 00000010 T dvmDiscAddUser
020074dc 00000028 T dvmDiscRemoveUser
02007504 000003ec t _dvmDiscCacheReadWrite
020078f0 00000058 t _dvmDiscCacheWriteSectors
02007948 00000058 t _dvmDiscCacheReadSectors
020079a0 000000ac t _dvmDiscCacheFlush
02007a4c 00000028 t _dvmDiscCacheDestroy
02007a74 000001a0 T dvmDiscCacheCreate
02007c14 00000188 T dvmMountVolume
02007d9c 00000074 T _dvmSetAppWorkingDir
02007e10 000001d8 t _dvmIdentMbrVbr
02007fe8 00000204 t _dvmReadPartitionTable
020081ec 000000f0 T dvmProbeMountDisc
020082dc 000000ac t _FAT_fstat_r
02008388 0000001c t _FAT_umount
020083a4 00000044 t _FAT_mount
020083e8 0000013c t _FAT_seek_r
02008524 0000010c t _FAT_set_stat.isra.0
02008630 00000064 t _FAT_mkdir_r
02008694 00000064 t _FAT_chdir_r
020086f8 00000070 t _FAT_unlink_r
02008768 0000006c t _FAT_rmdir_r
020087d4 0000007c t _FAT_diropen_r
02008850 00000064 t _FAT_fsync_r
020088b4 00000064 t _FAT_close_r
02008918 00000064 t _FAT_dirclose_r
0200897c 0000006c t _FAT_dirreset_r
020089e8 00000080 t _FAT_rename_r
02008a68 00000098 t _FAT_stat_r
02008b00 0000007c t _FAT_read_r
02008b7c 0000007c t _FAT_write_r
02008bf8 000000f0 t _FAT_statvfs_r
02008ce8 00000190 t _FAT_ftruncate_r
02008d58 a __itcm_lma
02008d58 a __loadlist_lma
02008e78 00000124 t _FAT_dirnext_r
02008f9c 00000124 t _FAT_open_r
020090c0 00000064 T get_fattime
02009124 00000018 T ff_mutex_create
0200913c 00000004 T ff_mutex_delete
02009140 00000014 T ff_mutex_take
02009154 00000008 T ff_mutex_give
0200915c 00000024 T disk_initialize
02009180 00000024 T disk_status
020091a4 0000002c T disk_read
020091d0 0000002c T disk_write
020091fc 00000038 T disk_ioctl
02009234 000000fc t tchar2uni
02009330 00000090 t sync_window
020093c0 00000130 t put_utf
020094f0 0000009c t dir_clear
0200958c 0000028c t get_fileinfo
02009818 00000180 t sync_fs
02009998 000000c4 t move_window
02009a5c 000001dc t put_fat.part.0
02009c38 00000160 t get_fat.isra.0
02009d98 000000f4 t remove_chain
02009e8c 0000021c t create_chain
0200a0a8 00000170 t dir_next
0200a218 00000248 t dir_read
0200a460 00000128 t dir_sdi
0200a588 000000cc t dir_alloc
0200a654 000000c4 t dir_remove
0200a718 000002f8 t dir_find
0200aa10 00000588 t follow_path
0200af98 000003f0 t dir_register
0200b388 000001ec t check_fs
0200b574 00000504 t mount_volume.part.0
0200ba78 000000bc t validate
0200bb34 0000006c T f_mount
0200bba0 00000038 T f_umount
0200bbd8 00000400 T f_open
0200bfd8 000002a4 T f_read
0200c27c 00000350 T f_write
0200c5cc 000001a0 T f_sync
0200c76c 00000058 T f_close
0200c7c4 000000f0 T f_chdir
0200c8b4 00000298 T f_lseek
0200cb4c 0000012c T f_opendir
0200cc78 000000b0 T f_closedir
0200cd28 000000d0 T f_readdir
0200cdf8 00000104 T f_stat
0200cefc 00000184 T f_getfree
0200d080 00000228 T f_truncate
0200d2a8 000001a4 T f_unlink
0200d44c 00000294 T f_mkdir
0200d6e0 00000248 T f_rename
0200d928 00000078 T ff_uni2oem
0200d9a0 00000040 T ff_oem2uni
0200d9e0 00000128 T ff_wtoupper
0200db08 0000006c T checkIfText
0200db74 000000e8 T bgUpdate
0200dc5c 000000a8 T bgInit_call
0200dd04 000000b0 T bgInitSub_call
0200ddb4 000000e0 t newRow
0200de94 000000e0 T consolePrintChar
0200df74 00000344 T con_write
0200e2b8 000002e8 T consoleLoadFont
0200e5a0 00000170 T consoleInit
0200e710 00000040 T consoleDemoInit
0200e750 00000010 T consoleClear
0200e760 00000004 t getHeader
0200e764 00000004 t readByte
0200e768 00000040 T decompress
0200e7a8 0000006c t defaultHandler
0200e814 00000036 t excptPrint
0200e84c 00000020 T defaultExceptionHandler
0200e86c 00000074 t ARMShift
0200e8e0 00000198 T getExceptionAddress
0200ea78 00000108 T guruMeditationDump
0200eb80 0000006c T scanKeys
0200ebec 0000000c T keysHeld
0200ebf8 00000010 T keysDown
0200ec08 00000010 T keysUp
0200ec18 0000001a T oamAllocReset
0200ec34 00000578 T oamAllocateGfx
0200f1ac 00000138 T oamInit
0200f2e4 00000034 T oamGetGfxPtr
0200f318 00000022 T oamClear
0200f33c 00000034 T oamGfxPtrToOffset
0200f370 000000fe T oamSet
0200f470 00000078 T oamUpdate
0200f4e8 0000004c T sinLutLookup
0200f534 00000038 T sinLerp
0200f56c 00000044 T cosLerp
0200f5b0 000000f8 T __libnds_excpt
0200f6a8 00000078 t _mmPxiHandler
0200f720 00000078 T mmInit
0200f798 00000044 T mmStart
0200f7dc 00000024 T mmStop
0200f800 00000080 t _mmLoadSample
0200f880 000000c0 T mmInitDefaultMem
0200f940 000000a8 T mmLoad
0200f9e8 0000001c t _tickCountIsr
0200fa04 00000084 t _tickTaskSchedule.part.0.isra.0
0200fa88 000000a0 T tickInit
0200fb28 0000005c T tickGetCount
0200fb84 00000110 t _tickTaskIsr
0200fc94 00000144 T tickTaskStart
0200fdd8 0000009c T threadExit
0200fe74 00000010 t _threadTickTask
0200fe84 00000098 T _threadInit
0200ff1c 000000a4 T threadPrepare
0200ffc0 000000c8 T threadStart
02010088 000000a0 T threadIrqWait
02010128 00000058 T threadSleepTicks
02010180 00000002 t _dietPrintDefaultFunc
02010184 0000003c t _dietOutput
020101c0 00000110 t _dietPrintDec32
020102d0 00000170 t _dietPrintHex32
02010440 000004b8 T dietPrintV
020108f8 00000018 T dietPrint
02010910 00000014 T __syscall_getreent
02010924 00000024 T __errno
02010948 00000030 T __syscall_gettod_r
02010978 00000004 T __syscall_lock_acquire
0201097c 00000004 T __syscall_lock_release
02010980 0000004c T __syscall_lock_acquire_recursive
020109cc 00000018 T __syscall_lock_release_recursive
020109e4 00000004 T svcLZ77UncompWram
020109e8 00000004 T svcHuffUncompCallback
020109ec 00000004 T svcRLUncompWram
020109f0 00000004 T svcRLUncompVramCallback
020109f4 00000018 T svcLZ77UncompVramCallback
02010a0c 00000004 t _pxiMailboxHandler
02010a10 00000004 W _pxiRecvUnhandled
02010a14 00000154 t _pxiRecvIrqHandler
02010b68 00000058 T _pxiInit
02010bc0 00000074 T pxiSetHandler
02010c34 00000068 T pxiSetMailbox
02010c9c 00000038 T pxiWaitRemote
02010cd4 00000050 T pxiSendPacket
02010d24 00000098 T pxiSendExtPacket
02010dbc 0000002c T pxiBeginReceive
02010de8 000000ac T pxiEndReceive
02010e94 00000028 T keypadGetState
02010ebc 00000040 t _pmCallEventHandlers
02010efc 000000a0 t _pmPxiThreadMain
02010f9c 00000028 t _pmResetPxiHandler
02010fc4 00000004 W systemUserExit
02010fc8 00000004 W systemErrorExit
02010fcc 00000138 T __syscall_exit
02011104 00000058 T pmInit
0201115c 000000cc T pmEnterSleep
02011228 00000074 T pmMainLoop
0201129c 00000004 W systemUserStartup
020112a0 00000104 W systemStartup
020113a4 00000058 T touchRead
020113fc 00000070 t _soundPxiCheckCredits
0201146c 0000003c t _soundPxiHandler
020114a8 00000064 T soundInit
0201150c 0000002c T soundSetMixerSleep
02011538 00000044 t _blkDevReadWriteSectors
0201157c 00000008 T blkInit
02011584 00000030 T blkDevIsPresent
020115b4 00000030 T blkDevInit
020115e4 00000034 T blkDevGetSectorCount
02011618 0000005c T blkDevReadSectors
02011674 0000005c T blkDevWriteSectors
020116d0 00000064 T irqSet
02011734 000001cc t threadUpdateDynamicPrio
02011900 000001c8 t threadRemoveWaiter
02011ac8 00000150 T mutexLock
02011c18 000000d0 T mutexUnlock
02011ce8 00000098 T mailboxTrySend
02011d80 00000098 T mailboxRecv
02011e18 t .udivsi3_skip_div0_test
02011e18 T __aeabi_uidiv
02011e18 000000fc T __udivsi3
02011f14 00000020 T __aeabi_uidivmod
02011f34 T __aeabi_idiv
02011f34 00000130 T __divsi3
02011f3c t .divsi3_skip_div0_test
02012064 00000020 T __aeabi_idivmod
02012084 00000002 W __aeabi_idiv0
02012084 00000002 W __aeabi_ldiv0
02012088 T __aeabi_uldivmod
020120c4 00000192 T __udivmoddi4
02012258 00000028 T __clzdi2
02012280 00000048 T __clzsi2
020122c8 000000bc T strchr
02012384 00000030 T rand
020123b4 000000da T _fclose_r
02012490 00000014 T fclose
020124a4 0000009c T _fwrite_r
02012540 00000024 T fwrite
02012564 00000060 T strlen
020125c4 00000046 T memcmp
0201260c 00000020 t stdio_exit_handler
0201262c 00000040 t cleanup_stdio
0201266c 00000120 t global_stdio_init.part.0
0201278c 000000cc T __sfp
02012858 0000003c T __sinit
02012894 00000014 T __sfp_lock_acquire
020128a8 00000014 T __sfp_lock_release
020128bc 00000052 T __libc_init_array
02012910 0000004c T _fwalk_sglue
0201295c 00000018 T calloc
02012974 00000050 T siscanf
020129c4 0000002e T strrchr
020129f4 00000018 T aligned_alloc
02012a0c 000000cc T _calloc_r
02012ad8 0000006a T fgetc
02012b44 00000018 T realloc
02012b5c 000001e8 t validate_structure
02012d44 00000434 T mktime
02013178 00000014 T _fseek_r
0201318c 00000022 T fseek
020131b0 00000014 T __tz_lock
020131c4 00000014 T __tz_unlock
020131d8 00000550 T _malloc_r
02013728 0000004c T strcasecmp
02013774 00000010 T strcpy
02013784 000000ac T _malloc_trim_r
02013830 000001d8 T _free_r
02013a08 00000064 T snprintf
02013a6c 00000404 t get_arg
02013e70 000022d6 T _svfprintf_r
02016148 00000026 T printf
02016170 00000020 T strnlen
02016190 0000004c T stpcpy
020161dc 00000026 T malloc
02016204 00000014 T free
02016218 00000180 T __sflush_r
02016398 0000006e T _fflush_r
02016408 00000036 T time
02016440 0000008c T memset
020164cc 00000344 T _realloc_r
02016810 00000228 T localtime_r
02016a38 00000226 T _fread_r
02016c60 00000024 T fread
02016c84 00000014 T __malloc_lock
02016c98 00000014 T __malloc_unlock
02016cac 000001ac T __tzcalc_limits
02016e58 0000005a T fputc
02016eb4 00000224 T strcmp
020170d8 0000000c W __call_exitprocs
020170e4 000001ac T setvbuf
02017290 000000b4 T _fopen_r
02017344 00000018 T fopen
0201735c 0000003c T __srget_r
02017398 00000068 T strncpy
02017400 00000024 T ftell
02017424 000000b0 T memcpy
020174d4 0000001e T _wcsrtombs_r
020174f4 00000026 T iprintf
0201751c 0000001c T write
02017538 00000074 T frexp
020175ac 0000031a T __sfvwrite_r
020178c8 00000034 T __sread
020178fc 00000004 T __seofread
02017900 0000004c T __swrite
0201794c 0000003c T __sseek
02017988 00000010 T __sclose
02017998 000000cc T memmove
02017a64 00000020 T __locale_mb_cur_max
02017a84 0000005e T __ssprint_r
02017ae4 000001b4 T gmtime_r
02017c98 00000404 t get_arg
0201809c 000016ce T _vfiprintf_r
0201976c 0000007c t __sbprintf
020197e8 00000118 T _memalign_r
02019900 00000018 T div
02019918 0000011c T _wcsnrtombs_l
02019a34 00000040 T _wcsnrtombs_r
02019a74 0000003e t get_arg
02019ab2 0000007e T _sungetc_r
02019b30 00000042 T __ssrefill_r
02019b72 00000088 T _sfread_r
02019bfc 00001982 T __ssvfiscanf_r
0201b580 00000086 T _putc_r
0201b608 00000150 t _strtoul_l.isra.0
0201b758 00000020 T _strtoul_r
0201b778 00000024 T strtoul
0201b79c 0000024a T __utf8_mbtowc
0201b9e8 00000414 T _fseeko_r
0201bdfc 00000010 T _tzset_unlocked
0201be0c 00000024 T __sprint_r
0201be30 0000000e T iswspace
0201be40 00000008 T __gettzinfo
0201be48 0000001c T _localeconv_r
0201be64 00000404 t get_arg
0201c268 0000238e T _vfprintf_r
0201e5f8 0000007c t __sbprintf
0201e674 00000074 T memchr
0201e6e8 0000015e t quorem
0201e848 000010b0 T _dtoa_r
0201f8f8 00000084 T _wcrtomb_r
0201f97c 00000098 T __sflags
0201fa14 0000025c t _strtol_l.part.0
0201fc70 00000034 T _strtol_r
0201fca4 0000002e T __libc_fini_array
0201fcd4 00000490 T _tzset_unlocked_r
02020164 000000b0 T __sccl
02020214 00000022 t lflush
02020238 00000106 T __srefill_r
02020340 000000e0 T __smakebuf_r
02020420 0000005c T __swhatbuf_r
0202047c 00000094 T _findenv_r
02020510 00000010 T _getenv_r
02020520 000000d4 T __ssputs_r
020205f4 00000124 T _ftello_r
02020718 000000bc T __utf8_wctomb
020207d4 000001c0 t _strtoull_l.isra.0
02020994 00000020 T _strtoull_r
020209b4 00000098 T _mbrtowc_r
02020a4c 000000d2 T __swsetup_r
02020b20 00000070 T strncmp
02020b90 00000014 T __env_lock
02020ba4 00000014 T __env_unlock
02020bb8 00000040 T __assert_func
02020bf8 00000028 T iswspace_l
02020c20 0000005c T _Balloc
02020c7c 00000014 T _Bfree
02020c90 000000a8 T __multadd
02020d38 0000005e T __hi0bits
02020d98 0000008a T __lo0bits
02020e24 00000064 T __i2b
02020e88 000001b4 T __multiply
0202103c 000000d8 T __pow5mult
02021114 000000f8 T __lshift
0202120c 00000050 T __mcmp
0202125c 000001a4 T __mdiff
02021400 000000d4 T __d2b
020214d4 00000300 t _strtoll_l.isra.0
020217d4 00000020 T _strtoll_r
020217f4 0000007c T __submore
02021870 00000026 T fiprintf
02021898 00000098 T __swbuf_r
02021930 0000000e T abort
02021940 0000005c T category
0202199c 0000005e T _raise_r
020219fc 00000014 T raise
02021a10 00000014 T _exit
02021a24 000000e2 T chdir
02021b08 00000132 T _concatenate_path
02021c3c 0000004a t __dirnext
02021c88 00000042 t __dirreset.isra.0
02021ccc 000000be T opendir
02021d8c 0000006e T closedir
02021dfc 0000008a T readdir_r
02021e88 00000028 T readdir
02021eb0 00000016 T rewinddir
02021ec8 0000005a T _fstat_r
02021f24 0000000a T _getpid_r
02021f30 00000020 T __getreent
02021f50 00000020 T _gettimeofday_r
02021f70 0000006c T __release_handle
02021fdc 0000007c T __alloc_handle
02022058 00000034 T __get_handle
0202208c 000000ae T _close_r
0202213c 00000004 t null_write
02022140 00000010 T setDefaultDevice
02022150 00000090 T FindDevice
020221e0 0000007c T AddDevice
0202225c 00000020 T GetDeviceOpTab
0202227c 00000004 T _isatty_r
02022280 0000000a T _kill_r
0202228c 00000062 T _lseek_r
020222f0 0000008a T _open_r
0202237c 0000005a T _read_r
020223d8 00000050 W _sbrk_r
02022428 00000018 T __libc_lock_acquire
02022440 00000018 T __libc_lock_release
02022458 00000018 T __libc_lock_acquire_recursive
02022470 00000018 T __libc_lock_release_recursive
02022488 0000005a T _write_r
020224e4 00000012 T __gnu_thumb1_case_uqi
020224f8 00000014 T __gnu_thumb1_case_uhi
0202250c T __aeabi_drsub
02022514 00000314 T __aeabi_dsub
02022514 00000314 T __subdf3
02022518 00000310 T __adddf3
02022518 00000310 T __aeabi_dadd
02022828 00000024 T __aeabi_ui2d
02022828 00000024 T __floatunsidf
0202284c 00000028 T __aeabi_i2d
0202284c 00000028 T __floatsidf
02022874 00000048 T __aeabi_f2d
02022874 00000048 T __extendsfdf2
020228bc 00000074 T __aeabi_ul2d
020228bc 00000074 T __floatundidf
020228d0 00000060 T __aeabi_l2d
020228d0 00000060 T __floatdidf
02022930 00000290 T __aeabi_dmul
02022930 00000290 T __muldf3
02022bc0 0000020c T __aeabi_ddiv
02022bc0 0000020c T __divdf3
02022dcc 00000098 T __gedf2
02022dcc 00000098 T __gtdf2
02022dd4 00000090 T __ledf2
02022dd4 00000090 T __ltdf2
02022ddc 00000088 T __cmpdf2
02022ddc 00000088 T __eqdf2
02022ddc 00000088 T __nedf2
02022e64 00000034 T __aeabi_cdrcmple
02022e80 00000018 T __aeabi_cdcmpeq
02022e80 00000018 T __aeabi_cdcmple
02022e98 00000018 T __aeabi_dcmpeq
02022eb0 00000018 T __aeabi_dcmplt
02022ec8 00000018 T __aeabi_dcmple
02022ee0 00000018 T __aeabi_dcmpge
02022ef8 00000018 T __aeabi_dcmpgt
02022f10 00000038 T __aeabi_dcmpun
02022f10 00000038 T __unorddf2
02022f48 0000005c T __aeabi_d2iz
02022f48 0000005c T __fixdfsi
02022fa4 T __aeabi_ldivmod
02023078 00000056 T __aeabi_lmul
02023078 00000056 T __muldi3
020230d0 T _fini
020230e0 00000008 t __free_from_arm
020230e8 00000008 t ____libc_lock_release_from_arm
020230f0 00000008 t ____aeabi_idiv0_from_arm
020230f8 00000008 t ____aeabi_ldiv0_from_arm
02023100 00000008 t __memcpy_from_arm
02023108 T soundbank_bin
02026c58 T GFXalfPresentsBitmap
02026c58 T soundbank_bin_end
02027338 T GFXalfPresentsPal
02027538 T GFXbackgroundBitmap
02027d38 T GFXconsoleInputBitmap
0202b918 T GFXinputBitmap
0202f04c T GFXintroBitmap
02031e54 T GFXnewImageInputBitmap
020353f8 T GFXselector24Bitmap
02036450 00000080 t nesPalette
020366ac 00000010 t s_dvmDiscCalicoIface
020366bc 00000010 t s_dvmDiscCacheIface
020366cc 00000014 t fr_to_errno.0
020366e0 00000014 T g_vfatFsDriver
020366f4 00000080 t _FAT_devoptab
02036774 00000080 t ExCvt
020367f4 0000000d t LfnOfs
0203680c 000000bc t cvt2.0
020368c8 000001f2 t cvt1.1
02036ac0 00000100 t uc437
02036c94 00000080 t dotab_stdout
02036d28 00000040 t registerNames
02036d68 00000102 T SIN_LUT
02036e6c T default_font_bin
0203766c T default_font_bin_end
02037788 00000030 t _DAYS_BEFORE_MONTH
020377b8 00000030 t DAYS_IN_MONTH
02037824 00000010 t zeroes.0
02037834 00000010 t blanks.1
02037844 00000101 T _ctype_
02037948 0000006c T __action_table
020379b4 0000006c T __state_table
02037a20 00000100 T __chclass
02037b20 00000010 t zeroes.0
02037b30 00000010 t blanks.1
02037b40 00000022 t basefix.0
02037b64 00000060 T __month_lengths
02037bc4 00000010 t zeroes.0
02037bd4 00000010 t blanks.1
02037be4 0000000c t p05.0
02037bf0 00000028 T __mprec_bigtens
02037c18 000000c8 T __mprec_tens
02037ce0 000035dc t categories
0203b2bc 00000080 T dotab_stdnull
0203b340 00000004 D keyboardUpper
0203b344 00000004 D keyboardLower
0203b348 00000101 D path
0203b449 00000001 D both
0203b44c 00000004 D resY
0203b450 00000004 D resX
0203b454 00000001 D currentSubMode
0203b458 00000004 D stackXres
0203b45c 00000004 D stackYres
0203b460 00000004 D surfaceYres
0203b464 00000004 D surfaceXres
0203b468 00000004 D sleepingFrames
0203b46c 00000004 D sleepTimer
0203b470 00000004 D subSurfaceZoom
0203b474 00000004 D paletteBpp
0203b478 00000004 D paletteSize
0203b47c 00000004 D backupIndex
0203b480 00000004 D backupSize
0203b484 00000004 D backupMax
0203b488 00000004 D pixelsVRAM
0203b48c 00000004 D pixelsTopVRAM
0203b490 00000010 d s_dvmDiscNand
0203b4a0 00000010 d s_dvmDiscSd
0203b4b0 00000010 d s_dvmDiscDldi
0203b4c0 00000004 V g_dvmDefaultSectorsPerPage
0203b4c4 00000004 V g_dvmDefaultCachePages
0203b4c8 00000020 d s_dvmFsDrvTable
0203b4e8 00000020 D bgTransform
0203b508 00000020 D bgScrollTable
0203b528 00000020 D bgControl
0203b548 00000001 d firstConsoleInit.0
0203b54c 00000004 D currentConsole
0203b550 0000005c D defaultConsole
0203b5ac 0000000c D decomStream
0203b5b8 00000001 d count
0203b5b9 00000001 d repeat
0203b5ba 00000001 d delay
0203b5bc 00000018 D oamSub
0203b5d4 00000018 D oamMain
0203b5ec 00000004 D g_dietPrintFn
0203b5f0 0000000c D __sglue
0203b5fc 00000004 D __malloc_sbrk_base
0203b600 00000004 D __malloc_trim_threshold
0203b608 00000408 D __malloc_av_
0203ba10 00000004 D _impure_ptr
0203ba18 00000140 D _impure_data
0203bb58 00000008 D _tzname
0203bb60 0000016c D __global_locale
0203bcd0 00000058 d tzinfo
0203bd28 00000004 D environ
0203bd2c 00000400 d _current_working_directory
0203c130 00001000 d handles
0203d130 0000000c d __stderr_handle
0203d13c 0000000c d __stdout_handle
0203d148 0000000c d __stdin_handle
0203d154 0000008c D devoptab_list
0203d1e0 00000004 d defaultDevice
0203d1e4 00008000 D surface
020451e4 r __EH_FRAME_BEGIN__
020451e4 r __FRAME_END__
020451e8 r __tls_info
020451f4 d __frame_dummy_init_array_entry
020451f4 d __init_array_start
020451f4 d __preinit_array_end
020451f4 d __preinit_array_start
020451f8 d __do_global_dtors_aux_fini_array_entry
020451f8 d __fini_array_start
020451f8 d __init_array_end
020451fc d __fini_array_end
020451fc d __main_end
02045200 ? __tls_end
02045200 ? __tls_start
02045200 b completed.1
02045204 b object.0
02045220 00000200 b AVdrawRectangle(unsigned short*, int, int, int, int, unsigned short)::tempLine
02045420 00000040 b spriteY
02045460 00000040 b spriteX
020454a0 00000020 b starZ
020454c0 00000040 b starDY
02045500 00000040 b starDX
02045540 00000008 B lastTime
02045548 00000004 B frameCount
0204554c 00000004 B fps
02045550 00000004 B selectorA
02045554 00000004 B selector
02045558 00000006 B format
02045560 00000004 B fileCount
02045564 00010800 B entryList
0204d2b4 a __loadlist_start
0204d2e4 a __loadlist_end
02055d64 00000004 B currentDir
02055d68 00000010 B text
02055d78 00000001 B currentTool
02055d7c 00000004 B gridSkips
02055d80 00000001 B mayus
02055d81 00000001 B acurrate
02055d82 00000001 B updated
02055d83 00000001 B drew
02055d84 00000001 B showGrid
02055d85 00000001 B stylusPressed
02055d88 00000004 B kUp
02055d8c 00000004 B kHeld
02055d90 00000004 B kDown
02055d94 00000001 B currentConsoleMode
02055d98 00000004 B subSurfaceYoffset
02055d9c 00000004 B subSurfaceXoffset
02055da0 00000004 B mainSurfaceYoffset
02055da4 00000004 B mainSurfaceXoffset
02055da8 00000004 B prevtpy
02055dac 00000004 B prevtpx
02055db0 00000003 B palEdit
02055db3 00000001 B nesMode
02055db4 00000004 B paletteOffset
02055db8 00000004 B palettePos
02055dbc 00000008 B touch
02055dc4 00040000 B backup
02095dc4 00008000 B stack
0209ddc8 00000200 B palette
0209dfc8 00018000 B pixels
020b5fc8 00018000 B pixelsTop
020cdfc8 0000005c b topConsole
020ce024 00000004 V g_dvmCalicoNandMount
020ce028 00000002 b Fsid
020ce02c 00000008 B bgIsTextLut
020ce034 00000140 B bgState
020ce174 0000005c B currentCopy
020ce1d0 00000002 b keysrepeat
020ce1d4 00000004 b s_keypad
020ce1d8 00000400 B OamMemory
020ce5d8 00000400 B OamMemorySub
020ce9d8 W g_excptHandler
020ce9dc 00000012 b s_mmEffState
020ce9f0 00000004 b s_mmCallback
020ce9f4 00000001 b s_mmActiveStatus
020ce9f8 00000010 B s_mmState
020cea08 00000004 b s_mmLoader
020cea0c 00000004 b s_firstTask
020cea10 00000008 b s_highTickCount
020cea18 00000001 b s_tickInit
020cea1c 00000008 b s_sleepThreads
020cea24 00000008 b s_joinThreads
020cea2c 00000070 b s_idleThread
020cea9c 00000070 b s_mainThread
020ceb0c 00000004 b s_defaultErrno.0
020ceb10 00000004 V __stacksize__
020ceb14 00000001 B g_isTwlMode
020ceb18 000001f0 b s_pxiChannels
020ced08 00000004 b s_pxiRecvState
020ced0c 00000008 b s_pxiRecvQueue
020ced14 00000004 b s_pxiSendMutex
020ced18 00000200 b s_pmPxiThreadStack
020cef18 00000070 b s_pmPxiThread
020cef88 00000008 b s_pmState
020cef90 00000002 b s_soundPxiCredits
020cef94 00000008 b s_soundPxiCreditWaitList
020cef9c 00000001 b s_soundInit
020cefa0 00000008 b s_mailboxRecvQueue
020cefa8 0000000c b __sfp_recursive_mutex
020cefb8 00000168 B __sf
020cf120 00000004 B __stdio_exit_handler
020cf124 00000004 b __tz_mutex
020cf128 00000028 B __malloc_current_mallinfo
020cf150 00000004 B __malloc_max_total_mem
020cf154 00000004 B __malloc_max_sbrked_mem
020cf158 00000004 B __malloc_top_pad
020cf15c 0000000c b __malloc_recursive_mutex
020cf168 00000004 B _timezone
020cf16c 00000004 B _daylight
020cf170 00000004 b prev_tzenv
020cf174 0000000c b __tzname_dst
020cf180 0000000c b __tzname_std
020cf18c 0000000c b __env_recursive_mutex
020cf198 00000004 b initial_env
020cf19c 00000400 b temp_cwd
020cf59c 00000004 b __hndl_lock
020cf5a0 00000004 B fake_heap_start
020cf5a4 00000004 B fake_heap_end
020cf5a8 00000004 b heap_start.0
020cf5ac b __heap_start_ntr
020cf5ac b __main_bss_end
020cf5c0 r __heap_start_twl
020cf5c0 ? __twl_bss_end
020cf5c0 ? __twl_end
020cf5c0 ? __twl_start
02400000 a __twl_lma
02400000 a __twl_loadlist_lma
02400000 a __twl_loadlist_start
0240000c a __twl_loadlist_end
02ff0000 ? __dtcm_end
02ff0000 ? __dtcm_start
02ff0000 00000080 B __irq_table
02ff0080 00000018 B __sched_state
02ff0098 b __dtcm_bss_end
02ff3e80 d __sp_usr
02ff3f80 a __sp_irq
02ff3fc0 a __sp_svc
02ff3ff8 a __irq_flags
0380b000 T __dldi_start
0e000800 00000198 T __ds9_bootstub
ffff0008 a __arm_excpt_svc
